2019-12-13 11:18:212019-12-13 11:18:292019-12-13 11:19:122019-12-13 11:19:222019-12-13 11:21:452019-12-13 11:22:092019-12-14 00:59:142019-12-14 08:29:24>>>>>>
<xml><ToUserName><![CDATA[gh_bd6f2a0d5e38]]></ToUserName>
<FromUserName><![CDATA[oGdUGtzpBgCPA604nZ7GUsGhLqdY]]></FromUserName>
<CreateTime>1576311688</CreateTime>
<MsgType><![CDATA[text]]></MsgType>
<Content><![CDATA[哦]]></Content>
<MsgId>22567357572923534</MsgId>
</xml>

2019-12-14 08:30:48>>>>>>
<xml><ToUserName><![CDATA[gh_bd6f2a0d5e38]]></ToUserName>
<FromUserName><![CDATA[oGdUGt9uVDi-2xmMC_axw47bNs5E]]></FromUserName>
<CreateTime>1576312236</CreateTime>
<MsgType><![CDATA[event]]></MsgType>
<Event><![CDATA[unsubscribe]]></Event>
<EventKey><![CDATA[]]></EventKey>
</xml>

2019-12-14 08:30:53>>>>>>
<xml><ToUserName><![CDATA[gh_bd6f2a0d5e38]]></ToUserName>
<FromUserName><![CDATA[oGdUGt9uVDi-2xmMC_axw47bNs5E]]></FromUserName>
<CreateTime>1576312236</CreateTime>
<MsgType><![CDATA[event]]></MsgType>
<Event><![CDATA[unsubscribe]]></Event>
<EventKey><![CDATA[]]></EventKey>
</xml>

2019-12-14 08:30:59>>>>>>
<xml><ToUserName><![CDATA[gh_bd6f2a0d5e38]]></ToUserName>
<FromUserName><![CDATA[oGdUGt9uVDi-2xmMC_axw47bNs5E]]></FromUserName>
<CreateTime>1576312236</CreateTime>
<MsgType><![CDATA[event]]></MsgType>
<Event><![CDATA[unsubscribe]]></Event>
<EventKey><![CDATA[]]></EventKey>
</xml>

2019-12-14 08:31:44>>>>>>
<xml><ToUserName><![CDATA[gh_bd6f2a0d5e38]]></ToUserName>
<FromUserName><![CDATA[oGdUGt9uVDi-2xmMC_axw47bNs5E]]></FromUserName>
<CreateTime>1576312236</CreateTime>
<MsgType><![CDATA[event]]></MsgType>
<Event><![CDATA[unsubscribe]]></Event>
<EventKey><![CDATA[]]></EventKey>
</xml>

2019-12-14 08:32:19>>>>>>
<xml><ToUserName><![CDATA[gh_bd6f2a0d5e38]]></ToUserName>
<FromUserName><![CDATA[oGdUGt9uVDi-2xmMC_axw47bNs5E]]></FromUserName>
<CreateTime>1576312320</CreateTime>
<MsgType><![CDATA[event]]></MsgType>
<Event><![CDATA[subscribe]]></Event>
<EventKey><![CDATA[]]></EventKey>
</xml>

2019-12-14 08:34:55>>>>>>
<xml><ToUserName><![CDATA[gh_bd6f2a0d5e38]]></ToUserName>
<FromUserName><![CDATA[oGdUGt9uVDi-2xmMC_axw47bNs5E]]></FromUserName>
<CreateTime>1576312320</CreateTime>
<MsgType><![CDATA[event]]></MsgType>
<Event><![CDATA[subscribe]]></Event>
<EventKey><![CDATA[]]></EventKey>
</xml>

2019-12-14 08:37:26>>>>>>
<xml><ToUserName><![CDATA[gh_bd6f2a0d5e38]]></ToUserName>
<FromUserName><![CDATA[oGdUGt9uVDi-2xmMC_axw47bNs5E]]></FromUserName>
<CreateTime>1576312320</CreateTime>
<MsgType><![CDATA[event]]></MsgType>
<Event><![CDATA[subscribe]]></Event>
<EventKey><![CDATA[]]></EventKey>
</xml>

2019-12-14 08:39:50>>>>>>
<xml><ToUserName><![CDATA[gh_bd6f2a0d5e38]]></ToUserName>
<FromUserName><![CDATA[oGdUGt9uVDi-2xmMC_axw47bNs5E]]></FromUserName>
<CreateTime>1576312320</CreateTime>
<MsgType><![CDATA[event]]></MsgType>
<Event><![CDATA[subscribe]]></Event>
<EventKey><![CDATA[]]></EventKey>
</xml>

2019-12-14 08:39:57>>>>>>
<xml><ToUserName><![CDATA[gh_bd6f2a0d5e38]]></ToUserName>
<FromUserName><![CDATA[oGdUGt9uVDi-2xmMC_axw47bNs5E]]></FromUserName>
<CreateTime>1576312320</CreateTime>
<MsgType><![CDATA[event]]></MsgType>
<Event><![CDATA[subscribe]]></Event>
<EventKey><![CDATA[]]></EventKey>
</xml>

2019-12-14 08:41:54>>>>>>
<xml><ToUserName><![CDATA[gh_bd6f2a0d5e38]]></ToUserName>
<FromUserName><![CDATA[oGdUGt9uVDi-2xmMC_axw47bNs5E]]></FromUserName>
<CreateTime>1576312320</CreateTime>
<MsgType><![CDATA[event]]></MsgType>
<Event><![CDATA[subscribe]]></Event>
<EventKey><![CDATA[]]></EventKey>
</xml>

2019-12-14 08:42:09>>>>>>
<xml><ToUserName><![CDATA[gh_bd6f2a0d5e38]]></ToUserName>
<FromUserName><![CDATA[oGdUGt9uVDi-2xmMC_axw47bNs5E]]></FromUserName>
<CreateTime>1576312320</CreateTime>
<MsgType><![CDATA[event]]></MsgType>
<Event><![CDATA[subscribe]]></Event>
<EventKey><![CDATA[]]></EventKey>
</xml>

2019-12-14 08:44:10>>>>>>
<xml><ToUserName><![CDATA[gh_bd6f2a0d5e38]]></ToUserName>
<FromUserName><![CDATA[oGdUGt9uVDi-2xmMC_axw47bNs5E]]></FromUserName>
<CreateTime>1576312320</CreateTime>
<MsgType><![CDATA[event]]></MsgType>
<Event><![CDATA[subscribe]]></Event>
<EventKey><![CDATA[]]></EventKey>
</xml>

2019-12-14 08:51:18>>>>>>
<xml><ToUserName><![CDATA[gh_bd6f2a0d5e38]]></ToUserName>
<FromUserName><![CDATA[oGdUGt9uVDi-2xmMC_axw47bNs5E]]></FromUserName>
<CreateTime>1576312320</CreateTime>
<MsgType><![CDATA[event]]></MsgType>
<Event><![CDATA[subscribe]]></Event>
<EventKey><![CDATA[]]></EventKey>
</xml>

2019-12-14 08:53:04>>>>>>
<xml><ToUserName><![CDATA[gh_bd6f2a0d5e38]]></ToUserName>
<FromUserName><![CDATA[oGdUGt9uVDi-2xmMC_axw47bNs5E]]></FromUserName>
<CreateTime>1576312320</CreateTime>
<MsgType><![CDATA[event]]></MsgType>
<Event><![CDATA[subscribe]]></Event>
<EventKey><![CDATA[]]></EventKey>
</xml>

2019-12-16 02:26:09>>>>>>
<xml><ToUserName><![CDATA[gh_bd6f2a0d5e38]]></ToUserName>
<FromUserName><![CDATA[oGdUGt9uVDi-2xmMC_axw47bNs5E]]></FromUserName>
<CreateTime>1576312320</CreateTime>
<MsgType><![CDATA[event]]></MsgType>
<Event><![CDATA[subscribe]]></Event>
<EventKey><![CDATA[]]></EventKey>
</xml>

2019-12-16 02:29:03>>>>>>
<xml><ToUserName><![CDATA[gh_bd6f2a0d5e38]]></ToUserName>
<FromUserName><![CDATA[oGdUGt9uVDi-2xmMC_axw47bNs5E]]></FromUserName>
<CreateTime>1576312320</CreateTime>
<MsgType><![CDATA[event]]></MsgType>
<Event><![CDATA[subscribe]]></Event>
<EventKey><![CDATA[]]></EventKey>
</xml>

2019-12-16 02:40:10>>>>>>
<xml><ToUserName><![CDATA[gh_bd6f2a0d5e38]]></ToUserName>
<FromUserName><![CDATA[oGdUGt9uVDi-2xmMC_axw47bNs5E]]></FromUserName>
<CreateTime>1576312320</CreateTime>
<MsgType><![CDATA[event]]></MsgType>
<Event><![CDATA[subscribe]]></Event>
<EventKey><![CDATA[]]></EventKey>
</xml>

2019-12-16 02:44:06>>>>>>
<xml><ToUserName><![CDATA[gh_bd6f2a0d5e38]]></ToUserName>
<FromUserName><![CDATA[oGdUGt9uVDi-2xmMC_axw47bNs5E]]></FromUserName>
<CreateTime>1576312320</CreateTime>
<MsgType><![CDATA[event]]></MsgType>
<Event><![CDATA[subscribe]]></Event>
<EventKey><![CDATA[]]></EventKey>
</xml>

2019-12-16 02:47:22>>>>>>
<xml><ToUserName><![CDATA[gh_bd6f2a0d5e38]]></ToUserName>
<FromUserName><![CDATA[oGdUGt9uVDi-2xmMC_axw47bNs5E]]></FromUserName>
<CreateTime>1576312320</CreateTime>
<MsgType><![CDATA[event]]></MsgType>
<Event><![CDATA[subscribe]]></Event>
<EventKey><![CDATA[]]></EventKey>
</xml>

2019-12-16 02:50:04>>>>>>
<xml><ToUserName><![CDATA[gh_bd6f2a0d5e38]]></ToUserName>
<FromUserName><![CDATA[oGdUGt9uVDi-2xmMC_axw47bNs5E]]></FromUserName>
<CreateTime>1576312320</CreateTime>
<MsgType><![CDATA[event]]></MsgType>
<Event><![CDATA[subscribe]]></Event>
<EventKey><![CDATA[]]></EventKey>
</xml>

2019-12-16 02:51:16>>>>>>
<xml><ToUserName><![CDATA[gh_bd6f2a0d5e38]]></ToUserName>
<FromUserName><![CDATA[oGdUGt9uVDi-2xmMC_axw47bNs5E]]></FromUserName>
<CreateTime>1576312320</CreateTime>
<MsgType><![CDATA[event]]></MsgType>
<Event><![CDATA[subscribe]]></Event>
<EventKey><![CDATA[]]></EventKey>
</xml>

2019-12-16 02:52:55>>>>>>
<xml><ToUserName><![CDATA[gh_bd6f2a0d5e38]]></ToUserName>
<FromUserName><![CDATA[oGdUGt9uVDi-2xmMC_axw47bNs5E]]></FromUserName>
<CreateTime>1576312320</CreateTime>
<MsgType><![CDATA[event]]></MsgType>
<Event><![CDATA[subscribe]]></Event>
<EventKey><![CDATA[]]></EventKey>
</xml>

2019-12-16 02:55:10>>>>>>
<xml><ToUserName><![CDATA[gh_bd6f2a0d5e38]]></ToUserName>
<FromUserName><![CDATA[oGdUGt9uVDi-2xmMC_axw47bNs5E]]></FromUserName>
<CreateTime>1576312320</CreateTime>
<MsgType><![CDATA[event]]></MsgType>
<Event><![CDATA[subscribe]]></Event>
<EventKey><![CDATA[]]></EventKey>
</xml>

2019-12-16 03:03:42>>>>>>
<xml><ToUserName><![CDATA[gh_bd6f2a0d5e38]]></ToUserName>
<FromUserName><![CDATA[oGdUGt9uVDi-2xmMC_axw47bNs5E]]></FromUserName>
<CreateTime>1576312320</CreateTime>
<MsgType><![CDATA[event]]></MsgType>
<Event><![CDATA[subscribe]]></Event>
<EventKey><![CDATA[]]></EventKey>
</xml>

2019-12-16 03:04:01>>>>>>


2019-12-16 03:05:45>>>>>>
<xml><ToUserName><![CDATA[gh_bd6f2a0d5e38]]></ToUserName>
<FromUserName><![CDATA[oGdUGtzpBgCPA604nZ7GUsGhLqdY]]></FromUserName>
<CreateTime>1576465473</CreateTime>
<MsgType><![CDATA[text]]></MsgType>
<Content><![CDATA[捷克斯洛伐克]]></Content>
<MsgId>22569556144052814</MsgId>
</xml>

2019-12-16 03:44:50>>>>>>
<xml><ToUserName><![CDATA[gh_bd6f2a0d5e38]]></ToUserName>
<FromUserName><![CDATA[oGdUGtzpBgCPA604nZ7GUsGhLqdY]]></FromUserName>
<CreateTime>1576465473</CreateTime>
<MsgType><![CDATA[text]]></MsgType>
<Content><![CDATA[捷克斯洛伐克]]></Content>
<MsgId>22569556144052814</MsgId>
</xml>

2019-12-16 03:44:52>>>>>>
<xml><ToUserName><![CDATA[gh_bd6f2a0d5e38]]></ToUserName>
<FromUserName><![CDATA[oGdUGtzpBgCPA604nZ7GUsGhLqdY]]></FromUserName>
<CreateTime>1576465473</CreateTime>
<MsgType><![CDATA[text]]></MsgType>
<Content><![CDATA[捷克斯洛伐克]]></Content>
<MsgId>22569556144052814</MsgId>
</xml>

2019-12-16 03:45:40>>>>>>
<xml><ToUserName><![CDATA[gh_bd6f2a0d5e38]]></ToUserName>
<FromUserName><![CDATA[oGdUGtzpBgCPA604nZ7GUsGhLqdY]]></FromUserName>
<CreateTime>1576465473</CreateTime>
<MsgType><![CDATA[text]]></MsgType>
<Content><![CDATA[捷克斯洛伐克]]></Content>
<MsgId>22569556144052814</MsgId>
</xml>

2019-12-16 03:48:03>>>>>>
<xml><ToUserName><![CDATA[gh_bd6f2a0d5e38]]></ToUserName>
<FromUserName><![CDATA[oGdUGt8ynhzHViWxy3JpQTzleWWM]]></FromUserName>
<CreateTime>1576468030</CreateTime>
<MsgType><![CDATA[event]]></MsgType>
<Event><![CDATA[subscribe]]></Event>
<EventKey><![CDATA[]]></EventKey>
</xml>


2019-12-16 03:48:21>>>>>>
<xml><ToUserName><![CDATA[gh_bd6f2a0d5e38]]></ToUserName>
<FromUserName><![CDATA[oGdUGt8ynhzHViWxy3JpQTzleWWM]]></FromUserName>
<CreateTime>1576468030</CreateTime>
<MsgType><![CDATA[event]]></MsgType>
<Event><![CDATA[subscribe]]></Event>
<EventKey><![CDATA[]]></EventKey>
</xml>


2019-12-16 03:50:27>>>>>>
<xml><ToUserName><![CDATA[gh_bd6f2a0d5e38]]></ToUserName>
<FromUserName><![CDATA[oGdUGtzpBgCPA604nZ7GUsGhLqdY]]></FromUserName>
<CreateTime>1576465473</CreateTime>
<MsgType><![CDATA[text]]></MsgType>
<Content><![CDATA[捷克斯洛伐克]]></Content>
<MsgId>22569556144052814</MsgId>
</xml>

2019-12-16 03:54:33>>>>>>
<xml><ToUserName><![CDATA[gh_bd6f2a0d5e38]]></ToUserName>
<FromUserName><![CDATA[oGdUGt8ynhzHViWxy3JpQTzleWWM]]></FromUserName>
<CreateTime>1576468030</CreateTime>
<MsgType><![CDATA[event]]></MsgType>
<Event><![CDATA[subscribe]]></Event>
<EventKey><![CDATA[]]></EventKey>
</xml>


2019-12-16 03:55:04>>>>>>
<xml><ToUserName><![CDATA[gh_bd6f2a0d5e38]]></ToUserName>
<FromUserName><![CDATA[oGdUGt8ynhzHViWxy3JpQTzleWWM]]></FromUserName>
<CreateTime>1576468030</CreateTime>
<MsgType><![CDATA[event]]></MsgType>
<Event><![CDATA[subscribe]]></Event>
<EventKey><![CDATA[]]></EventKey>
</xml>


2019-12-16 03:55:26>>>>>>
<xml><ToUserName><![CDATA[gh_bd6f2a0d5e38]]></ToUserName>
<FromUserName><![CDATA[oGdUGt8ynhzHViWxy3JpQTzleWWM]]></FromUserName>
<CreateTime>1576468030</CreateTime>
<MsgType><![CDATA[event]]></MsgType>
<Event><![CDATA[subscribe]]></Event>
<EventKey><![CDATA[]]></EventKey>
</xml>


2019-12-16 03:55:47>>>>>>
<xml><ToUserName><![CDATA[gh_bd6f2a0d5e38]]></ToUserName>
<FromUserName><![CDATA[oGdUGt8ynhzHViWxy3JpQTzleWWM]]></FromUserName>
<CreateTime>1576468030</CreateTime>
<MsgType><![CDATA[event]]></MsgType>
<Event><![CDATA[subscribe]]></Event>
<EventKey><![CDATA[]]></EventKey>
</xml>


2019-12-16 03:56:01>>>>>>
<xml><ToUserName><![CDATA[gh_bd6f2a0d5e38]]></ToUserName>
<FromUserName><![CDATA[oGdUGt8ynhzHViWxy3JpQTzleWWM]]></FromUserName>
<CreateTime>1576468030</CreateTime>
<MsgType><![CDATA[event]]></MsgType>
<Event><![CDATA[subscribe]]></Event>
<EventKey><![CDATA[]]></EventKey>
</xml>


2019-12-16 03:56:08>>>>>>
<xml><ToUserName><![CDATA[gh_bd6f2a0d5e38]]></ToUserName>
<FromUserName><![CDATA[oGdUGt8ynhzHViWxy3JpQTzleWWM]]></FromUserName>
<CreateTime>1576468030</CreateTime>
<MsgType><![CDATA[event]]></MsgType>
<Event><![CDATA[subscribe]]></Event>
<EventKey><![CDATA[]]></EventKey>
</xml>


2019-12-16 03:56:59>>>>>>
<xml><ToUserName><![CDATA[gh_bd6f2a0d5e38]]></ToUserName>
<FromUserName><![CDATA[oGdUGt8ynhzHViWxy3JpQTzleWWM]]></FromUserName>
<CreateTime>1576468030</CreateTime>
<MsgType><![CDATA[event]]></MsgType>
<Event><![CDATA[subscribe]]></Event>
<EventKey><![CDATA[]]></EventKey>
</xml>


2019-12-16 03:57:12>>>>>>
<xml><ToUserName><![CDATA[gh_bd6f2a0d5e38]]></ToUserName>
<FromUserName><![CDATA[oGdUGt8ynhzHViWxy3JpQTzleWWM]]></FromUserName>
<CreateTime>1576468030</CreateTime>
<MsgType><![CDATA[event]]></MsgType>
<Event><![CDATA[subscribe]]></Event>
<EventKey><![CDATA[]]></EventKey>
</xml>


2019-12-16 03:57:47>>>>>>
<xml><ToUserName><![CDATA[gh_bd6f2a0d5e38]]></ToUserName>
<FromUserName><![CDATA[oGdUGt8ynhzHViWxy3JpQTzleWWM]]></FromUserName>
<CreateTime>1576468030</CreateTime>
<MsgType><![CDATA[event]]></MsgType>
<Event><![CDATA[subscribe]]></Event>
<EventKey><![CDATA[]]></EventKey>
</xml>


2019-12-16 03:57:55>>>>>>
<xml><ToUserName><![CDATA[gh_bd6f2a0d5e38]]></ToUserName>
<FromUserName><![CDATA[oGdUGt8ynhzHViWxy3JpQTzleWWM]]></FromUserName>
<CreateTime>1576468030</CreateTime>
<MsgType><![CDATA[event]]></MsgType>
<Event><![CDATA[subscribe]]></Event>
<EventKey><![CDATA[]]></EventKey>
</xml>


2019-12-16 03:58:24>>>>>>
<xml><ToUserName><![CDATA[gh_bd6f2a0d5e38]]></ToUserName>
<FromUserName><![CDATA[oGdUGt8ynhzHViWxy3JpQTzleWWM]]></FromUserName>
<CreateTime>1576468030</CreateTime>
<MsgType><![CDATA[event]]></MsgType>
<Event><![CDATA[subscribe]]></Event>
<EventKey><![CDATA[]]></EventKey>
</xml>


2019-12-16 04:00:08>>>>>>
<xml><ToUserName><![CDATA[gh_bd6f2a0d5e38]]></ToUserName>
<FromUserName><![CDATA[oGdUGt8ynhzHViWxy3JpQTzleWWM]]></FromUserName>
<CreateTime>1576468030</CreateTime>
<MsgType><![CDATA[event]]></MsgType>
<Event><![CDATA[subscribe]]></Event>
<EventKey><![CDATA[]]></EventKey>
</xml>


2019-12-16 04:00:22>>>>>>
<xml><ToUserName><![CDATA[gh_bd6f2a0d5e38]]></ToUserName>
<FromUserName><![CDATA[oGdUGt8ynhzHViWxy3JpQTzleWWM]]></FromUserName>
<CreateTime>1576468030</CreateTime>
<MsgType><![CDATA[event]]></MsgType>
<Event><![CDATA[subscribe]]></Event>
<EventKey><![CDATA[]]></EventKey>
</xml>


